<?xml version="1.0" encoding="UTF-8"?>
<!-- Generated by org.testng.reporters.JUnitReportReporter -->
<testsuite hostname="Lenovo-T480s" failures="0" tests="1" name="seleniumMethod.B_use_of_get_method" time="0.092" errors="0" timestamp="2022-02-16T23:46:58 EST" skipped="0">
  <testcase classname="seleniumMethod.B_use_of_get_method" name="loginButtonTest" time="0.092"/>
  <system-out/>
</testsuite> <!-- seleniumMethod.B_use_of_get_method -->
